{"logTime": "1031/235733", "correlationVector":"3j4sSBkLcHBODeJCNPmQfn.0","action":"FeedSettingFetch_homeCloud", "result":"0", "context":{}}
{"logTime": "1031/235733", "correlationVector":"DeQYWq/da3QgItBzFXfGCs.1","action":"SyncServerConnectionManagerRequest", "result":"SYNC_SERVER_OK", "context":{"environment":"Prod_EastUS_000w", "migrationStage":"NotStarted", "server":"GENERAL01000000"}}
{"logTime": "1031/235733", "correlationVector":"DeQYWq/da3QgItBzFXfGCs","action":"Initial GetUpdates", "result":"", "context":Reason: NEW_CLIENT. cV=DeQYWq/da3QgItBzFXfGCs}
{"logTime": "1031/235733", "correlationVector":"DeQYWq/da3QgItBzFXfGCs.2","action":"GetUpdates Response", "result":"SYNCER_OK", "context":Received 1 update(s). cV=DeQYWq/da3QgItBzFXfGCs.0;server=GENERAL01000000;cloudType=Consumer;environment=Prod_EastUS_000w;migrationStage=NotStarted}
{"logTime": "1031/235734", "correlationVector":"W66psYQN8lvpT5PLYTaAXl","action":"Initial GetUpdates", "result":"", "context":Reason: NEW_CLIENT. cV=W66psYQN8lvpT5PLYTaAXl}
{"logTime": "1031/235734", "correlationVector":"W66psYQN8lvpT5PLYTaAXl.1","action":"SyncServerConnectionManagerRequest", "result":"SYNC_SERVER_OK", "context":{"environment":"Prod_EastUS_000w", "migrationStage":"NotStarted", "server":"GENERAL0100000Y"}}
{"logTime": "1031/235734", "correlationVector":"W66psYQN8lvpT5PLYTaAXl.2","action":"GetUpdates Response", "result":"SYNCER_OK", "context":Received 6 update(s). cV=W66psYQN8lvpT5PLYTaAXl.0;server=GENERAL0100000Y;cloudType=Consumer;environment=Prod_EastUS_000w;migrationStage=NotStarted}
{"logTime": "1031/235734", "correlationVector":"7MFiUMOIYfb4vNYIw8RDAl","action":"Normal GetUpdate request", "result":"", "context":cV=7MFiUMOIYfb4vNYIw8RDAl
Nudged types: Device Info, User Consents
Refresh requested types: Device Info, User Consents, Send Tab To Self, Encryption Keys}
{"logTime": "1031/235734", "correlationVector":"7MFiUMOIYfb4vNYIw8RDAl.1","action":"SyncServerConnectionManagerRequest", "result":"SYNC_SERVER_OK", "context":{"environment":"Prod_EastUS_000w", "migrationStage":"NotStarted", "server":"GENERAL0100000H"}}
{"logTime": "1031/235734", "correlationVector":"7MFiUMOIYfb4vNYIw8RDAl.2","action":"GetUpdates Response", "result":"SYNCER_OK", "context":Received 0 update(s). cV=7MFiUMOIYfb4vNYIw8RDAl.0;server=GENERAL0100000H;cloudType=Consumer;environment=Prod_EastUS_000w;migrationStage=NotStarted}
{"logTime": "1031/235734", "correlationVector":"owbkoAcbQMCT5iADzggfE7","action":"Commit Request", "result":"", "context":Item count: 1
Contributing types: Device Info}
{"logTime": "1031/235735", "correlationVector":"owbkoAcbQMCT5iADzggfE7.1","action":"SyncServerConnectionManagerRequest", "result":"SYNC_SERVER_OK", "context":{"environment":"Prod_EastUS_000w", "migrationStage":"NotStarted", "server":"GENERAL0100001L"}}
{"logTime": "1031/235735", "correlationVector":"owbkoAcbQMCT5iADzggfE7.2","action":"Commit Response", "result":"SYNCER_OK", "context":Result: SYNCER_OK. cV=owbkoAcbQMCT5iADzggfE7.0;server=GENERAL0100001L;cloudType=Consumer;environment=Prod_EastUS_000w;migrationStage=NotStarted}
{"logTime": "1031/235735", "correlationVector":"wKcCdM3WXffXE/6vl7cmd2","action":"Commit Request", "result":"", "context":Item count: 2
Contributing types: User Consents}
{"logTime": "1031/235735", "correlationVector":"wKcCdM3WXffXE/6vl7cmd2.1","action":"SyncServerConnectionManagerRequest", "result":"SYNC_SERVER_OK", "context":{"environment":"Prod_EastUS_000w", "migrationStage":"NotStarted", "server":"GENERAL0100001K"}}
{"logTime": "1031/235735", "correlationVector":"wKcCdM3WXffXE/6vl7cmd2.2","action":"Commit Response", "result":"SYNCER_OK", "context":Result: SYNCER_OK. cV=wKcCdM3WXffXE/6vl7cmd2.0;server=GENERAL0100001K;cloudType=Consumer;environment=Prod_EastUS_000w;migrationStage=NotStarted}
{"logTime": "1031/235735", "correlationVector":"zJCp3wg35tY9cNVKzNOayE","action":"Normal GetUpdate request", "result":"", "context":cV=zJCp3wg35tY9cNVKzNOayE
Nudged types: Device Info}
{"logTime": "1031/235735", "correlationVector":"zJCp3wg35tY9cNVKzNOayE.1","action":"SyncServerConnectionManagerRequest", "result":"SYNC_SERVER_OK", "context":{"environment":"Prod_EastUS_000w", "migrationStage":"NotStarted", "server":"GENERAL0100001E"}}
{"logTime": "1031/235735", "correlationVector":"zJCp3wg35tY9cNVKzNOayE.2","action":"GetUpdates Response", "result":"SYNCER_OK", "context":Received 1 update(s). cV=zJCp3wg35tY9cNVKzNOayE.0;server=GENERAL0100001E;cloudType=Consumer;environment=Prod_EastUS_000w;migrationStage=NotStarted}
{"logTime": "1101/000010", "correlationVector":"UAwbAED5kfCHn2Q0srlsdQ.0","action":"FeedSettingFetch_homeCloud", "result":"0", "context":{}}
{"logTime": "1101/000011", "correlationVector":"gibahg7OsDmrsfSO6L+60q.1","action":"SyncServerConnectionManagerRequest", "result":"SYNC_SERVER_OK", "context":{"environment":"Prod_EastUS2_000e", "migrationStage":"NotStarted", "server":"GENERAL0100001E"}}
{"logTime": "1101/000011", "correlationVector":"gibahg7OsDmrsfSO6L+60q","action":"Initial GetUpdates", "result":"", "context":Reason: NEW_CLIENT. cV=gibahg7OsDmrsfSO6L+60q}
{"logTime": "1101/000011", "correlationVector":"gibahg7OsDmrsfSO6L+60q.2","action":"GetUpdates Response", "result":"SYNCER_OK", "context":Received 1 update(s). cV=gibahg7OsDmrsfSO6L+60q.0;server=GENERAL0100001E;cloudType=Consumer;environment=Prod_EastUS2_000e;migrationStage=NotStarted}
{"logTime": "1101/000011", "correlationVector":"X0FeQN1MT9jDiQICrjb/wa","action":"SyncServerConnectionManagerRequest", "result":"SYNC_SERVER_OK", "context":{"environment":"", "migrationStage":"", "server":""}}
{"logTime": "1101/000011", "correlationVector":"5t+ayIrYvwwna+GIYNTvdb","action":"Normal GetUpdate request", "result":"", "context":cV=5t+ayIrYvwwna+GIYNTvdb
Nudged types: User Consents
Refresh requested types: Device Info, User Consents, Send Tab To Self, Encryption Keys}
{"logTime": "1101/000011", "correlationVector":"5t+ayIrYvwwna+GIYNTvdb.1","action":"SyncServerConnectionManagerRequest", "result":"SYNC_SERVER_OK", "context":{"environment":"Prod_EastUS2_000e", "migrationStage":"NotStarted", "server":"GENERAL0100001M"}}
{"logTime": "1101/000011", "correlationVector":"5t+ayIrYvwwna+GIYNTvdb.2","action":"GetUpdates Response", "result":"SYNCER_OK", "context":Received 0 update(s). cV=5t+ayIrYvwwna+GIYNTvdb.0;server=GENERAL0100001M;cloudType=Consumer;environment=Prod_EastUS2_000e;migrationStage=NotStarted}
{"logTime": "1101/000011", "correlationVector":"eZ3Wp1TVebEL/KUbEFpd6q","action":"Commit Request", "result":"", "context":Item count: 1
Contributing types: User Consents}
{"logTime": "1101/000011", "correlationVector":"eZ3Wp1TVebEL/KUbEFpd6q.1","action":"SyncServerConnectionManagerRequest", "result":"SYNC_SERVER_OK", "context":{"environment":"Prod_EastUS2_000e", "migrationStage":"NotStarted", "server":"GENERAL0100001K"}}
{"logTime": "1101/000011", "correlationVector":"eZ3Wp1TVebEL/KUbEFpd6q.2","action":"Commit Response", "result":"SYNCER_OK", "context":Result: SYNCER_OK. cV=eZ3Wp1TVebEL/KUbEFpd6q.0;server=GENERAL0100001K;cloudType=Consumer;environment=Prod_EastUS2_000e;migrationStage=NotStarted}
{"logTime": "1101/000011", "correlationVector":"YQT17+Moyn6a3uG9kMEEfd","action":"Normal GetUpdate request", "result":"", "context":cV=YQT17+Moyn6a3uG9kMEEfd
Refresh requested types: Device Info, User Consents, Send Tab To Self, Encryption Keys}
{"logTime": "1101/000011", "correlationVector":"YQT17+Moyn6a3uG9kMEEfd.1","action":"SyncServerConnectionManagerRequest", "result":"SYNC_SERVER_OK", "context":{"environment":"Prod_EastUS2_000e", "migrationStage":"NotStarted", "server":"GENERAL01000017"}}
{"logTime": "1101/000011", "correlationVector":"YQT17+Moyn6a3uG9kMEEfd.2","action":"GetUpdates Response", "result":"SYNCER_OK", "context":Received 0 update(s). cV=YQT17+Moyn6a3uG9kMEEfd.0;server=GENERAL01000017;cloudType=Consumer;environment=Prod_EastUS2_000e;migrationStage=NotStarted}
{"logTime": "1101/000011", "correlationVector":"pP+9ZAn6uuzdq74WkRGBlx","action":"Initial GetUpdates", "result":"", "context":Reason: RECONFIGURATION. cV=pP+9ZAn6uuzdq74WkRGBlx}
{"logTime": "1101/000012", "correlationVector":"pP+9ZAn6uuzdq74WkRGBlx.1","action":"SyncServerConnectionManagerRequest", "result":"SYNC_SERVER_OK", "context":{"environment":"Prod_EastUS2_000e", "migrationStage":"NotStarted", "server":"GENERAL0100002H"}}
{"logTime": "1101/000012", "correlationVector":"pP+9ZAn6uuzdq74WkRGBlx.2","action":"GetUpdates Response", "result":"SYNCER_OK", "context":Received 29 update(s). cV=pP+9ZAn6uuzdq74WkRGBlx.0;server=GENERAL0100002H;cloudType=Consumer;environment=Prod_EastUS2_000e;migrationStage=NotStarted}
{"logTime": "1101/000013", "correlationVector":"X4vsmZhBT9UWiACW+1tN86","action":"Initial GetUpdates", "result":"", "context":Reason: RECONFIGURATION. cV=X4vsmZhBT9UWiACW+1tN86}
{"logTime": "1101/000013", "correlationVector":"X4vsmZhBT9UWiACW+1tN86.1","action":"SyncServerConnectionManagerRequest", "result":"SYNC_SERVER_OK", "context":{"environment":"Prod_EastUS2_000e", "migrationStage":"NotStarted", "server":"GENERAL0100002B"}}
{"logTime": "1101/000013", "correlationVector":"X4vsmZhBT9UWiACW+1tN86.2","action":"GetUpdates Response", "result":"SYNCER_OK", "context":Received 5 update(s). cV=X4vsmZhBT9UWiACW+1tN86.0;server=GENERAL0100002B;cloudType=Consumer;environment=Prod_EastUS2_000e;migrationStage=NotStarted}
{"logTime": "1101/000013", "correlationVector":"oidrtR71W79zW07QEKBDy1","action":"Initial GetUpdates", "result":"", "context":Reason: RECONFIGURATION. cV=oidrtR71W79zW07QEKBDy1}
{"logTime": "1101/000013", "correlationVector":"oidrtR71W79zW07QEKBDy1.1","action":"SyncServerConnectionManagerRequest", "result":"SYNC_SERVER_OK", "context":{"environment":"Prod_EastUS2_000e", "migrationStage":"NotStarted", "server":"GENERAL0100002U"}}
{"logTime": "1101/000013", "correlationVector":"oidrtR71W79zW07QEKBDy1.2","action":"GetUpdates", "result":"DeleteReceived", "context":{"id":"05f8d58e-588c-4c77-9e18-7daeabbc2c75", "isDeleted:":"true", "version":"1697540361693"}}
{"logTime": "1101/000013", "correlationVector":"oidrtR71W79zW07QEKBDy1.3","action":"GetUpdates", "result":"DeleteReceived", "context":{"id":"c6be4372-1494-4662-9173-bfe946ab0226", "isDeleted:":"true", "version":"1697680066871"}}
{"logTime": "1101/000013", "correlationVector":"oidrtR71W79zW07QEKBDy1.4","action":"GetUpdates", "result":"DeleteReceived", "context":{"id":"7f3d43db-0905-490d-9970-732af9850ba7", "isDeleted:":"true", "version":"1698023019425"}}
{"logTime": "1101/000013", "correlationVector":"oidrtR71W79zW07QEKBDy1.5","action":"GetUpdates", "result":"DeleteReceived", "context":{"id":"2e150aaf-32b7-458d-876b-c19a28f79255", "isDeleted:":"true", "version":"1698023019427"}}
{"logTime": "1101/000013", "correlationVector":"oidrtR71W79zW07QEKBDy1.6","action":"GetUpdates", "result":"DeleteReceived", "context":{"id":"4c1b346c-7c7d-4699-b44c-ea2653f664e1", "isDeleted:":"true", "version":"1698023019429"}}
{"logTime": "1101/000013", "correlationVector":"oidrtR71W79zW07QEKBDy1.7","action":"GetUpdates", "result":"DeleteReceived", "context":{"id":"710d7810-1eba-49ec-8e43-888010404760", "isDeleted:":"true", "version":"1698023064530"}}
{"logTime": "1101/000013", "correlationVector":"oidrtR71W79zW07QEKBDy1.8","action":"GetUpdates", "result":"DeleteReceived", "context":{"id":"82953377-a0f0-4ac1-a712-7979d1a71d47", "isDeleted:":"true", "version":"1698605802423"}}
{"logTime": "1101/000013", "correlationVector":"oidrtR71W79zW07QEKBDy1.9","action":"GetUpdates", "result":"DeleteReceived", "context":{"id":"57efa550-87d5-4cd4-9320-ae8a11274323", "isDeleted:":"true", "version":"1698605802424"}}
{"logTime": "1101/000013", "correlationVector":"oidrtR71W79zW07QEKBDy1.10","action":"GetUpdates Response", "result":"SYNCER_OK", "context":Received 22 update(s). cV=oidrtR71W79zW07QEKBDy1.0;server=GENERAL0100002U;cloudType=Consumer;environment=Prod_EastUS2_000e;migrationStage=NotStarted}
{"logTime": "1101/000013", "correlationVector":"z+QoObu6mROU7rfuwipnkx","action":"Normal GetUpdate request", "result":"", "context":cV=z+QoObu6mROU7rfuwipnkx
Nudged types: Sessions, Device Info
Refresh requested types: Bookmarks, Preferences, Passwords, Autofill Profiles, Autofill, Autofill Custom Data, Typed URLs, Extensions, Sessions, Extension settings, History Delete Directives, Device Info, User Consents, Send Tab To Self, Web Apps, Collection, Edge E Drop, Edge Hub App Usage, Edge Wallet, Encryption Keys}
{"logTime": "1101/000014", "correlationVector":"z+QoObu6mROU7rfuwipnkx.1","action":"SyncServerConnectionManagerRequest", "result":"SYNC_SERVER_OK", "context":{"environment":"Prod_EastUS2_000e", "migrationStage":"NotStarted", "server":"GENERAL0100003C"}}
{"logTime": "1101/000014", "correlationVector":"z+QoObu6mROU7rfuwipnkx.2","action":"GetUpdates Response", "result":"SYNCER_OK", "context":Received 0 update(s). cV=z+QoObu6mROU7rfuwipnkx.0;server=GENERAL0100003C;cloudType=Consumer;environment=Prod_EastUS2_000e;migrationStage=NotStarted}
{"logTime": "1101/000014", "correlationVector":"XFH7i6/Tmvqm4srKwnm/tp","action":"Commit Request", "result":"", "context":Item count: 1
Contributing types: Device Info}
{"logTime": "1101/000014", "correlationVector":"XFH7i6/Tmvqm4srKwnm/tp.1","action":"SyncServerConnectionManagerRequest", "result":"SYNC_SERVER_OK", "context":{"environment":"Prod_EastUS2_000e", "migrationStage":"NotStarted", "server":"GENERAL0100002Y"}}
{"logTime": "1101/000014", "correlationVector":"XFH7i6/Tmvqm4srKwnm/tp.2","action":"Commit Response", "result":"SYNCER_OK", "context":Result: SYNCER_OK. cV=XFH7i6/Tmvqm4srKwnm/tp.0;server=GENERAL0100002Y;cloudType=Consumer;environment=Prod_EastUS2_000e;migrationStage=NotStarted}
{"logTime": "1101/000014", "correlationVector":"iMyUujQeFVzJB0NnkodsZ8","action":"Commit Request", "result":"", "context":Item count: 2
Contributing types: Sessions}
{"logTime": "1101/000014", "correlationVector":"iMyUujQeFVzJB0NnkodsZ8.1","action":"SyncServerConnectionManagerRequest", "result":"SYNC_SERVER_OK", "context":{"environment":"Prod_EastUS2_000e", "migrationStage":"NotStarted", "server":"GENERAL0100001U"}}
{"logTime": "1101/000014", "correlationVector":"iMyUujQeFVzJB0NnkodsZ8.2","action":"Commit Response", "result":"SYNCER_OK", "context":Result: SYNCER_OK. cV=iMyUujQeFVzJB0NnkodsZ8.0;server=GENERAL0100001U;cloudType=Consumer;environment=Prod_EastUS2_000e;migrationStage=NotStarted}
{"logTime": "1101/001310", "correlationVector":"F568Tgo/XuDMbfze8LmyPz.0","action":"FeedSettingFetch_homeCloud", "result":"0", "context":{}}
{"logTime": "1101/001310", "correlationVector":"F568Tgo/XuDMbfze8LmyPz.0","action":"SyncServerConnectionManagerRequest", "result":"SYNC_SERVER_OK", "context":{"environment":"", "migrationStage":"", "server":""}}
{"logTime": "1101/001310", "correlationVector":"d1U+ln7g7fA+Bv6CMkZBkR.1","action":"SyncServerConnectionManagerRequest", "result":"SYNC_SERVER_OK", "context":{"environment":"Prod_EastUS2_000e", "migrationStage":"NotStarted", "server":"general0100000K"}}
{"logTime": "1101/001310", "correlationVector":"d1U+ln7g7fA+Bv6CMkZBkR","action":"Initial GetUpdates", "result":"", "context":Reason: NEW_CLIENT. cV=d1U+ln7g7fA+Bv6CMkZBkR}
{"logTime": "1101/001310", "correlationVector":"d1U+ln7g7fA+Bv6CMkZBkR.2","action":"GetUpdates Response", "result":"SYNCER_OK", "context":Received 1 update(s). cV=d1U+ln7g7fA+Bv6CMkZBkR.0;server=general0100000K;cloudType=Consumer;environment=Prod_EastUS2_000e;migrationStage=NotStarted}
{"logTime": "1101/001310", "correlationVector":"kFwbVekFaAFCufN0EPXX9M","action":"Normal GetUpdate request", "result":"", "context":cV=kFwbVekFaAFCufN0EPXX9M
Nudged types: Sessions, User Consents
Refresh requested types: Bookmarks, Preferences, Passwords, Autofill Profiles, Autofill, Autofill Custom Data, Typed URLs, Extensions, Sessions, Extension settings, History Delete Directives, Device Info, User Consents, Send Tab To Self, Web Apps, Collection, Edge E Drop, Edge Hub App Usage, Edge Wallet, Encryption Keys}
{"logTime": "1101/001310", "correlationVector":"kFwbVekFaAFCufN0EPXX9M.1","action":"SyncServerConnectionManagerRequest", "result":"SYNC_SERVER_OK", "context":{"environment":"Prod_EastUS2_000e", "migrationStage":"NotStarted", "server":"GENERAL0100002E"}}
{"logTime": "1101/001310", "correlationVector":"kFwbVekFaAFCufN0EPXX9M.2","action":"GetUpdates", "result":"DeleteReceived", "context":{"id":"39de7d9d-b101-4f57-b9b3-2ad4579cfa69", "isDeleted:":"true", "version":"1698797234723"}}
{"logTime": "1101/001310", "correlationVector":"kFwbVekFaAFCufN0EPXX9M.3","action":"GetUpdates Response", "result":"SYNCER_OK", "context":Received 5 update(s). cV=kFwbVekFaAFCufN0EPXX9M.0;server=GENERAL0100002E;cloudType=Consumer;environment=Prod_EastUS2_000e;migrationStage=NotStarted}
{"logTime": "1101/001310", "correlationVector":"VoGlSLIWAACGq/UszdXrpY","action":"Commit Request", "result":"", "context":Item count: 1
Contributing types: User Consents}
{"logTime": "1101/001310", "correlationVector":"VoGlSLIWAACGq/UszdXrpY.1","action":"SyncServerConnectionManagerRequest", "result":"SYNC_SERVER_OK", "context":{"environment":"Prod_EastUS2_000e", "migrationStage":"NotStarted", "server":"GENERAL01000016"}}
{"logTime": "1101/001310", "correlationVector":"VoGlSLIWAACGq/UszdXrpY.2","action":"Commit Response", "result":"SYNCER_OK", "context":Result: SYNCER_OK. cV=VoGlSLIWAACGq/UszdXrpY.0;server=GENERAL01000016;cloudType=Consumer;environment=Prod_EastUS2_000e;migrationStage=NotStarted}
{"logTime": "1101/001311", "correlationVector":"0GsDIxLR2MhdU6k/QoWqhw","action":"Normal GetUpdate request", "result":"", "context":cV=0GsDIxLR2MhdU6k/QoWqhw
Nudged types: Preferences, Sessions}
{"logTime": "1101/001312", "correlationVector":"0GsDIxLR2MhdU6k/QoWqhw.1","action":"SyncServerConnectionManagerRequest", "result":"SYNC_SERVER_OK", "context":{"environment":"Prod_EastUS_000w", "migrationStage":"NotStarted", "server":"GENERAL0100000T"}}
{"logTime": "1101/001312", "correlationVector":"0GsDIxLR2MhdU6k/QoWqhw.2","action":"GetUpdates Response", "result":"SYNCER_OK", "context":Received 0 update(s). cV=0GsDIxLR2MhdU6k/QoWqhw.0;server=GENERAL0100000T;cloudType=Consumer;environment=Prod_EastUS_000w;migrationStage=NotStarted}
{"logTime": "1101/001312", "correlationVector":"auF5RgMGHAqVKemGGCAPsu","action":"Commit Request", "result":"", "context":Item count: 3
Contributing types: Preferences, Sessions}
{"logTime": "1101/001312", "correlationVector":"auF5RgMGHAqVKemGGCAPsu.1","action":"SyncServerConnectionManagerRequest", "result":"SYNC_SERVER_OK", "context":{"environment":"Prod_EastUS_000w", "migrationStage":"NotStarted", "server":"GENERAL0100001L"}}
{"logTime": "1101/001312", "correlationVector":"auF5RgMGHAqVKemGGCAPsu.2","action":"Commit Response", "result":"SYNCER_OK", "context":Result: SYNCER_OK. cV=auF5RgMGHAqVKemGGCAPsu.0;server=GENERAL0100001L;cloudType=Consumer;environment=Prod_EastUS_000w;migrationStage=NotStarted}
{"logTime": "1101/001855", "correlationVector":"RD8EcZGTeYOj++F+kdhd6r","action":"Commit Request", "result":"", "context":Item count: 1
Contributing types: Sessions}
{"logTime": "1101/001855", "correlationVector":"RD8EcZGTeYOj++F+kdhd6r.1","action":"SyncServerConnectionManagerRequest", "result":"SYNC_SERVER_OK", "context":{"environment":"Prod_EastUS2_000e", "migrationStage":"NotStarted", "server":"GENERAL01000030"}}
{"logTime": "1101/001855", "correlationVector":"RD8EcZGTeYOj++F+kdhd6r.2","action":"Commit Response", "result":"SYNCER_OK", "context":Result: SYNCER_OK. cV=RD8EcZGTeYOj++F+kdhd6r.0;server=GENERAL01000030;cloudType=Consumer;environment=Prod_EastUS2_000e;migrationStage=NotStarted}
{"logTime": "1101/002129", "correlationVector":"DqFfT606EX4MMb+tumL6a1","action":"Commit Request", "result":"", "context":Item count: 1
Contributing types: Sessions}
{"logTime": "1101/002129", "correlationVector":"DqFfT606EX4MMb+tumL6a1.1","action":"SyncServerConnectionManagerRequest", "result":"SYNC_SERVER_OK", "context":{"environment":"Prod_EastUS2_000e", "migrationStage":"NotStarted", "server":"GENERAL01000023"}}
{"logTime": "1101/002129", "correlationVector":"DqFfT606EX4MMb+tumL6a1.2","action":"Commit Response", "result":"SYNCER_OK", "context":Result: SYNCER_OK. cV=DqFfT606EX4MMb+tumL6a1.0;server=GENERAL01000023;cloudType=Consumer;environment=Prod_EastUS2_000e;migrationStage=NotStarted}
{"logTime": "1101/002607", "correlationVector":"r36U727uKPFTFeMJzj6l5A","action":"Commit Request", "result":"", "context":Item count: 1
Contributing types: Sessions}
{"logTime": "1101/002608", "correlationVector":"r36U727uKPFTFeMJzj6l5A.1","action":"SyncServerConnectionManagerRequest", "result":"SYNC_SERVER_OK", "context":{"environment":"Prod_EastUS2_000e", "migrationStage":"NotStarted", "server":"GENERAL0100001I"}}
{"logTime": "1101/002608", "correlationVector":"r36U727uKPFTFeMJzj6l5A.2","action":"Commit Response", "result":"SYNCER_OK", "context":Result: SYNCER_OK. cV=r36U727uKPFTFeMJzj6l5A.0;server=GENERAL0100001I;cloudType=Consumer;environment=Prod_EastUS2_000e;migrationStage=NotStarted}
{"logTime": "1101/002928", "correlationVector":"0iGEh7YQc+zUtyiaF3zI+s","action":"Commit Request", "result":"", "context":Item count: 1
Contributing types: Sessions}
{"logTime": "1101/002929", "correlationVector":"0iGEh7YQc+zUtyiaF3zI+s.1","action":"SyncServerConnectionManagerRequest", "result":"SYNC_SERVER_OK", "context":{"environment":"Prod_EastUS2_000e", "migrationStage":"NotStarted", "server":"GENERAL0100002C"}}
{"logTime": "1101/002929", "correlationVector":"0iGEh7YQc+zUtyiaF3zI+s.2","action":"Commit Response", "result":"SYNCER_OK", "context":Result: SYNCER_OK. cV=0iGEh7YQc+zUtyiaF3zI+s.0;server=GENERAL0100002C;cloudType=Consumer;environment=Prod_EastUS2_000e;migrationStage=NotStarted}
{"logTime": "1101/003021", "correlationVector":"rrllbcWqxImaNJ/mC7ae4+","action":"Commit Request", "result":"", "context":Item count: 1
Contributing types: Sessions}
{"logTime": "1101/003022", "correlationVector":"rrllbcWqxImaNJ/mC7ae4+.1","action":"SyncServerConnectionManagerRequest", "result":"SYNC_SERVER_OK", "context":{"environment":"Prod_EastUS2_000e", "migrationStage":"NotStarted", "server":"GENERAL01000030"}}
{"logTime": "1101/003022", "correlationVector":"rrllbcWqxImaNJ/mC7ae4+.2","action":"Commit Response", "result":"SYNCER_OK", "context":Result: SYNCER_OK. cV=rrllbcWqxImaNJ/mC7ae4+.0;server=GENERAL01000030;cloudType=Consumer;environment=Prod_EastUS2_000e;migrationStage=NotStarted}
{"logTime": "1101/140714", "correlationVector":"McMw32H/A/qwcO7/k8X2Zu.0","action":"FeedSettingFetch_homeCloud", "result":"0", "context":{}}
{"logTime": "1101/140714", "correlationVector":"9BIsEsb575BUiismj83ZE0.1","action":"SyncServerConnectionManagerRequest", "result":"SYNC_SERVER_OK", "context":{"environment":"Prod_EastUS2_000e", "migrationStage":"NotStarted", "server":"GENERAL0100002A"}}
{"logTime": "1101/140714", "correlationVector":"9BIsEsb575BUiismj83ZE0","action":"Initial GetUpdates", "result":"", "context":Reason: NEW_CLIENT. cV=9BIsEsb575BUiismj83ZE0}
{"logTime": "1101/140714", "correlationVector":"9BIsEsb575BUiismj83ZE0.2","action":"GetUpdates Response", "result":"SYNCER_OK", "context":Received 1 update(s). cV=9BIsEsb575BUiismj83ZE0.0;server=GENERAL0100002A;cloudType=Consumer;environment=Prod_EastUS2_000e;migrationStage=NotStarted}
{"logTime": "1101/140714", "correlationVector":"S3g+05DDdB6UIvjGEl6Oof","action":"Normal GetUpdate request", "result":"", "context":cV=S3g+05DDdB6UIvjGEl6Oof
Nudged types: Sessions, User Consents
Refresh requested types: Bookmarks, Preferences, Passwords, Autofill Profiles, Autofill, Autofill Custom Data, Typed URLs, Extensions, Sessions, Extension settings, History Delete Directives, Device Info, User Consents, Send Tab To Self, Web Apps, Collection, Edge E Drop, Edge Hub App Usage, Edge Wallet, Encryption Keys}
{"logTime": "1101/140714", "correlationVector":"S3g+05DDdB6UIvjGEl6Oof.1","action":"SyncServerConnectionManagerRequest", "result":"SYNC_SERVER_OK", "context":{"environment":"Prod_EastUS2_000e", "migrationStage":"NotStarted", "server":"GENERAL01000025"}}
{"logTime": "1101/140714", "correlationVector":"S3g+05DDdB6UIvjGEl6Oof.2","action":"GetUpdates", "result":"DeleteReceived", "context":{"id":"a197f98f-09c0-4e19-8e0a-77e6010e8ef1", "isDeleted:":"true", "version":"1698845719817"}}
{"logTime": "1101/140714", "correlationVector":"S3g+05DDdB6UIvjGEl6Oof.3","action":"GetUpdates", "result":"DeleteReceived", "context":{"id":"e8d1f257-0826-444f-8265-d36bd58f3ac3", "isDeleted:":"true", "version":"1698845719818"}}
{"logTime": "1101/140714", "correlationVector":"S3g+05DDdB6UIvjGEl6Oof.4","action":"GetUpdates Response", "result":"SYNCER_OK", "context":Received 7 update(s). cV=S3g+05DDdB6UIvjGEl6Oof.0;server=GENERAL01000025;cloudType=Consumer;environment=Prod_EastUS2_000e;migrationStage=NotStarted}
{"logTime": "1101/140714", "correlationVector":"vsMGhopg2op6zriI6Gd/IU","action":"Commit Request", "result":"", "context":Item count: 4
Contributing types: Sessions, User Consents}
{"logTime": "1101/140714", "correlationVector":"vsMGhopg2op6zriI6Gd/IU.1","action":"SyncServerConnectionManagerRequest", "result":"SYNC_SERVER_OK", "context":{"environment":"Prod_EastUS_000w", "migrationStage":"NotStarted", "server":"GENERAL0100000D"}}
{"logTime": "1101/140714", "correlationVector":"vsMGhopg2op6zriI6Gd/IU.2","action":"Commit Response", "result":"SYNCER_OK", "context":Result: SYNCER_OK. cV=vsMGhopg2op6zriI6Gd/IU.0;server=GENERAL0100000D;cloudType=Consumer;environment=Prod_EastUS_000w;migrationStage=NotStarted}
{"logTime": "1101/140714", "correlationVector":"vsMGhopg2op6zriI6Gd/IU.3","action":"Commit.Sessions", "result":"Success", "context":{"id":"fda0da51-29db-4e9e-b259-dcb457af8e55", "isDeleted":"true", "size":"0", "version":"1698798621701"}}
{"logTime": "1101/140714", "correlationVector":"3d8uDQpihZGH3xmHlawqZV","action":"Poll GetUpdate request", "result":"", "context":cV=3d8uDQpihZGH3xmHlawqZV}
{"logTime": "1101/140714", "correlationVector":"3d8uDQpihZGH3xmHlawqZV.1","action":"SyncServerConnectionManagerRequest", "result":"SYNC_SERVER_OK", "context":{"environment":"Prod_EastUS2_000e", "migrationStage":"NotStarted", "server":"GENERAL0100000E"}}
{"logTime": "1101/140714", "correlationVector":"3d8uDQpihZGH3xmHlawqZV.2","action":"GetUpdates", "result":"DeleteReceived", "context":{"id":"fda0da51-29db-4e9e-b259-dcb457af8e55", "isDeleted:":"true", "version":"1698847631749"}}
{"logTime": "1101/140714", "correlationVector":"3d8uDQpihZGH3xmHlawqZV.3","action":"GetUpdates Response", "result":"SYNCER_OK", "context":Received 3 update(s). cV=3d8uDQpihZGH3xmHlawqZV.0;server=GENERAL0100000E;cloudType=Consumer;environment=Prod_EastUS2_000e;migrationStage=NotStarted}
{"logTime": "1101/140716", "correlationVector":"8+WDwmaYRR6jLI39w22LfC","action":"Normal GetUpdate request", "result":"", "context":cV=8+WDwmaYRR6jLI39w22LfC
Nudged types: Preferences, Sessions}
{"logTime": "1101/140716", "correlationVector":"8+WDwmaYRR6jLI39w22LfC.1","action":"SyncServerConnectionManagerRequest", "result":"SYNC_SERVER_OK", "context":{"environment":"Prod_EastUS_000w", "migrationStage":"NotStarted", "server":"GENERAL01000012"}}
{"logTime": "1101/140716", "correlationVector":"8+WDwmaYRR6jLI39w22LfC.2","action":"GetUpdates Response", "result":"SYNCER_OK", "context":Received 0 update(s). cV=8+WDwmaYRR6jLI39w22LfC.0;server=GENERAL01000012;cloudType=Consumer;environment=Prod_EastUS_000w;migrationStage=NotStarted}
{"logTime": "1101/140716", "correlationVector":"fAamHwH3rK93iGkHoUD87P","action":"Commit Request", "result":"", "context":Item count: 1
Contributing types: Preferences}
{"logTime": "1101/140716", "correlationVector":"fAamHwH3rK93iGkHoUD87P.1","action":"SyncServerConnectionManagerRequest", "result":"SYNC_SERVER_OK", "context":{"environment":"Prod_EastUS2_000e", "migrationStage":"NotStarted", "server":"GENERAL01000026"}}
{"logTime": "1101/140716", "correlationVector":"fAamHwH3rK93iGkHoUD87P.2","action":"Commit Response", "result":"SYNCER_OK", "context":Result: SYNCER_OK. cV=fAamHwH3rK93iGkHoUD87P.0;server=GENERAL01000026;cloudType=Consumer;environment=Prod_EastUS2_000e;migrationStage=NotStarted}
{"logTime": "1101/140717", "correlationVector":"Z5Hjn1LXRD+xkMrcUzdgtT","action":"Normal GetUpdate request", "result":"", "context":cV=Z5Hjn1LXRD+xkMrcUzdgtT
Nudged types: Preferences, Sessions
Notified types: Edge Hub App Usage}
{"logTime": "1101/140717", "correlationVector":"Z5Hjn1LXRD+xkMrcUzdgtT.1","action":"SyncServerConnectionManagerRequest", "result":"SYNC_SERVER_OK", "context":{"environment":"Prod_EastUS_000w", "migrationStage":"NotStarted", "server":"GENERAL0100001A"}}
{"logTime": "1101/140717", "correlationVector":"Z5Hjn1LXRD+xkMrcUzdgtT.2","action":"GetUpdates Response", "result":"SYNCER_OK", "context":Received 1 update(s). cV=Z5Hjn1LXRD+xkMrcUzdgtT.0;server=GENERAL0100001A;cloudType=Consumer;environment=Prod_EastUS_000w;migrationStage=NotStarted}
{"logTime": "1101/140717", "correlationVector":"XgoIRb+uLOi2lqjpCD14GO","action":"Commit Request", "result":"", "context":Item count: 1
Contributing types: Sessions}
{"logTime": "1101/140718", "correlationVector":"XgoIRb+uLOi2lqjpCD14GO.1","action":"SyncServerConnectionManagerRequest", "result":"SYNC_SERVER_OK", "context":{"environment":"Prod_EastUS2_000e", "migrationStage":"NotStarted", "server":"GENERAL0100001Y"}}
{"logTime": "1101/140718", "correlationVector":"XgoIRb+uLOi2lqjpCD14GO.2","action":"Commit Response", "result":"SYNCER_OK", "context":Result: SYNCER_OK. cV=XgoIRb+uLOi2lqjpCD14GO.0;server=GENERAL0100001Y;cloudType=Consumer;environment=Prod_EastUS2_000e;migrationStage=NotStarted}
{"logTime": "1101/144138", "correlationVector":"GuQvxk1SBO7vxG8OfcbENR.0","action":"FeedSettingFetch_homeCloud", "result":"0", "context":{}}
{"logTime": "1101/144138", "correlationVector":"yyw9taGzq2SC8fHNBrFtCI.1","action":"SyncServerConnectionManagerRequest", "result":"SYNC_SERVER_OK", "context":{"environment":"Prod_EastUS2_000e", "migrationStage":"NotStarted", "server":"GENERAL01000031"}}
{"logTime": "1101/144138", "correlationVector":"yyw9taGzq2SC8fHNBrFtCI","action":"Initial GetUpdates", "result":"", "context":Reason: NEW_CLIENT. cV=yyw9taGzq2SC8fHNBrFtCI}
{"logTime": "1101/144138", "correlationVector":"yyw9taGzq2SC8fHNBrFtCI.2","action":"GetUpdates Response", "result":"SYNCER_OK", "context":Received 1 update(s). cV=yyw9taGzq2SC8fHNBrFtCI.0;server=GENERAL01000031;cloudType=Consumer;environment=Prod_EastUS2_000e;migrationStage=NotStarted}
{"logTime": "1101/144138", "correlationVector":"/si0O2LX1kwYxWkWGYF9nO","action":"Normal GetUpdate request", "result":"", "context":cV=/si0O2LX1kwYxWkWGYF9nO
Nudged types: Sessions, User Consents
Refresh requested types: Bookmarks, Preferences, Passwords, Autofill Profiles, Autofill, Autofill Custom Data, Typed URLs, Extensions, Sessions, Extension settings, History Delete Directives, Device Info, User Consents, Send Tab To Self, Web Apps, Collection, Edge E Drop, Edge Hub App Usage, Edge Wallet, Encryption Keys}
{"logTime": "1101/144138", "correlationVector":"/si0O2LX1kwYxWkWGYF9nO.1","action":"SyncServerConnectionManagerRequest", "result":"SYNC_SERVER_OK", "context":{"environment":"Prod_EastUS2_000e", "migrationStage":"NotStarted", "server":"GENERAL0100002M"}}
{"logTime": "1101/144138", "correlationVector":"/si0O2LX1kwYxWkWGYF9nO.2","action":"GetUpdates Response", "result":"SYNCER_OK", "context":Received 1 update(s). cV=/si0O2LX1kwYxWkWGYF9nO.0;server=GENERAL0100002M;cloudType=Consumer;environment=Prod_EastUS2_000e;migrationStage=NotStarted}
{"logTime": "1101/144138", "correlationVector":"oEpDiZmiTOpDrFS6ZX8e4u","action":"Commit Request", "result":"", "context":Item count: 4
Contributing types: Sessions, User Consents}
{"logTime": "1101/144138", "correlationVector":"oEpDiZmiTOpDrFS6ZX8e4u.1","action":"SyncServerConnectionManagerRequest", "result":"SYNC_SERVER_OK", "context":{"environment":"Prod_EastUS2_000e", "migrationStage":"NotStarted", "server":"GENERAL01000030"}}
{"logTime": "1101/144138", "correlationVector":"oEpDiZmiTOpDrFS6ZX8e4u.2","action":"Commit Response", "result":"SYNCER_OK", "context":Result: SYNCER_OK. cV=oEpDiZmiTOpDrFS6ZX8e4u.0;server=GENERAL01000030;cloudType=Consumer;environment=Prod_EastUS2_000e;migrationStage=NotStarted}
{"logTime": "1101/144138", "correlationVector":"oEpDiZmiTOpDrFS6ZX8e4u.3","action":"Commit.Sessions", "result":"Success", "context":{"id":"a9e2cc56-ae3f-4816-bcc7-26d8553c74e5", "isDeleted":"true", "size":"0", "version":"1698847638065"}}
